<?xml version="1.0" encoding="UTF-8"?>
<testsuite name="com.bestbuy.cucumber.CucumberRunner" time="2.136" tests="40" errors="0" skipped="0" failures="0">
  <properties>
    <property name="idea.version" value="2022.2.2"/>
    <property name="java.runtime.name" value="Java(TM) SE Runtime Environment"/>
    <property name="sun.boot.library.path" value="C:\Program Files\Java\jdk1.8.0_121\jre\bin"/>
    <property name="java.vm.version" value="25.121-b13"/>
    <property name="java.vm.vendor" value="Oracle Corporation"/>
    <property name="maven.multiModuleProjectDirectory" value="C:\Users\viral\IdeaProjects\bestbuy-serenity-withCucumber"/>
    <property name="java.vendor.url" value="http://java.oracle.com/"/>
    <property name="path.separator" value=";"/>
    <property name="guice.disable.misplaced.annotation.check" value="true"/>
    <property name="java.vm.name" value="Java HotSpot(TM) 64-Bit Server VM"/>
    <property name="file.encoding.pkg" value="sun.io"/>
    <property name="user.script" value=""/>
    <property name="user.country" value="GB"/>
    <property name="sun.java.launcher" value="SUN_STANDARD"/>
    <property name="sun.os.patch.level" value=""/>
    <property name="java.vm.specification.name" value="Java Virtual Machine Specification"/>
    <property name="user.dir" value="C:\Users\viral\IdeaProjects\bestbuy-serenity-withCucumber"/>
    <property name="java.runtime.version" value="1.8.0_121-b13"/>
    <property name="java.awt.graphicsenv" value="sun.awt.Win32GraphicsEnvironment"/>
    <property name="java.endorsed.dirs" value="C:\Program Files\Java\jdk1.8.0_121\jre\lib\endorsed"/>
    <property name="os.arch" value="amd64"/>
    <property name="java.io.tmpdir" value="C:\Users\viral\AppData\Local\Temp\"/>
    <property name="line.separator" value="&#10;"/>
    <property name="java.vm.specification.vendor" value="Oracle Corporation"/>
    <property name="user.variant" value=""/>
    <property name="os.name" value="Windows 10"/>
    <property name="maven.ext.class.path" value="C:\Program Files\JetBrains\IntelliJ IDEA Community Edition 2022.2.2\plugins\maven\lib\maven-event-listener.jar"/>
    <property name="classworlds.conf" value="C:\Program Files\JetBrains\IntelliJ IDEA Community Edition 2022.2.2\plugins\maven\lib\maven3\bin\m2.conf"/>
    <property name="sun.jnu.encoding" value="Cp1252"/>
    <property name="java.library.path" value="C:\Program Files\Java\jdk1.8.0_121\bin;C:\WINDOWS\Sun\Java\bin;C:\WINDOWS\system32;C:\WINDOWS;C:\Program Files (x86)\Common Files\Oracle\Java\javapath;C:\ProgramData\Oracle\Java\javapath;C:\WINDOWS\system32;C:\WINDOWS;C:\WINDOWS\System32\Wbem;C:\WINDOWS\System32\WindowsPowerShell\v1.0\;C:\WINDOWS\System32\OpenSSH\;C:\Program Files\Java\jdk1.8.0_121\bin;C:\Program Files (x86)\QuickTime\QTSystem\;C:\Program Files\Apache\apache-maven-3.8.6\bin;C:\Program Files\PowerShell\7\;C:\Program Files\Git\cmd;C:\Program Files\PuTTY\;C:\Program Files\dotnet\;C:\Program Files\nodejs\;C:\Users\viral\AppData\Local\Microsoft\WindowsApps;C:\Users\viral\AppData\Roaming\npm;."/>
    <property name="maven.conf" value="C:\Program Files\JetBrains\IntelliJ IDEA Community Edition 2022.2.2\plugins\maven\lib\maven3/conf"/>
    <property name="java.specification.name" value="Java Platform API Specification"/>
    <property name="java.class.version" value="52.0"/>
    <property name="sun.management.compiler" value="HotSpot 64-Bit Tiered Compilers"/>
    <property name="os.version" value="10.0"/>
    <property name="user.home" value="C:\Users\viral"/>
    <property name="user.timezone" value="Europe/London"/>
    <property name="java.awt.printerjob" value="sun.awt.windows.WPrinterJob"/>
    <property name="java.specification.version" value="1.8"/>
    <property name="file.encoding" value="UTF-8"/>
    <property name="user.name" value="viral"/>
    <property name="java.class.path" value="C:\Program Files\JetBrains\IntelliJ IDEA Community Edition 2022.2.2\plugins\maven\lib\maven3\boot\plexus-classworlds-2.6.0.jar;C:\Program Files\JetBrains\IntelliJ IDEA Community Edition 2022.2.2\plugins\maven\lib\maven3\boot\plexus-classworlds.license;C:\Program Files\JetBrains\IntelliJ IDEA Community Edition 2022.2.2\lib\idea_rt.jar"/>
    <property name="java.vm.specification.version" value="1.8"/>
    <property name="sun.arch.data.model" value="64"/>
    <property name="java.home" value="C:\Program Files\Java\jdk1.8.0_121\jre"/>
    <property name="sun.java.command" value="org.codehaus.classworlds.Launcher -Didea.version=2022.2.2 clean verify serenity:aggregate"/>
    <property name="java.specification.vendor" value="Oracle Corporation"/>
    <property name="user.language" value="en"/>
    <property name="awt.toolkit" value="sun.awt.windows.WToolkit"/>
    <property name="java.vm.info" value="mixed mode"/>
    <property name="java.version" value="1.8.0_121"/>
    <property name="java.ext.dirs" value="C:\Program Files\Java\jdk1.8.0_121\jre\lib\ext;C:\WINDOWS\Sun\Java\lib\ext"/>
    <property name="sun.boot.class.path" value="C:\Program Files\Java\jdk1.8.0_121\jre\lib\resources.jar;C:\Program Files\Java\jdk1.8.0_121\jre\lib\rt.jar;C:\Program Files\Java\jdk1.8.0_121\jre\lib\sunrsasign.jar;C:\Program Files\Java\jdk1.8.0_121\jre\lib\jsse.jar;C:\Program Files\Java\jdk1.8.0_121\jre\lib\jce.jar;C:\Program Files\Java\jdk1.8.0_121\jre\lib\charsets.jar;C:\Program Files\Java\jdk1.8.0_121\jre\lib\jfr.jar;C:\Program Files\Java\jdk1.8.0_121\jre\classes"/>
    <property name="java.vendor" value="Oracle Corporation"/>
    <property name="maven.home" value="C:\Program Files\JetBrains\IntelliJ IDEA Community Edition 2022.2.2\plugins\maven\lib\maven3"/>
    <property name="file.separator" value="\"/>
    <property name="java.vendor.url.bug" value="http://bugreport.sun.com/bugreport/"/>
    <property name="sun.cpu.endian" value="little"/>
    <property name="sun.io.unicode.encoding" value="UnicodeLittle"/>
    <property name="sun.desktop" value="windows"/>
    <property name="sun.cpu.isalist" value="amd64"/>
  </properties>
  <testcase name="When User sends a GET request to list endpoint" classname="Scenario: Check if the BestBuy application can be accessed by users" time="0.001"/>
  <testcase name="Then User must get back a valid status code 200" classname="Scenario: Check if the BestBuy application can be accessed by users" time="0"/>
  <testcase name="Scenario: Check if the BestBuy application can be accessed by users" classname="Scenario: Check if the BestBuy application can be accessed by users" time="0.86"/>
  <testcase name="Scenario: Check if the BestBuy application can be accessed by users" classname="Scenario: Check if the BestBuy application can be accessed by users" time="0.075"/>
  <testcase name="When I create a new product by providing the information name &quot;viral1&quot;, type &quot;prime&quot;, upc &quot;abcd&quot;, description &quot;auto&quot;, model &quot;best&quot;, price  &quot;10&quot;, shipping &quot;11&quot;, manufacturer &quot;tesla&quot;" classname="| viral1 | prime | abcd | auto | best | 10 | 11 | tesla |" time="0"/>
  <testcase name="Then I verify that the product  with &quot;10&quot; is created" classname="| viral1 | prime | abcd | auto | best | 10 | 11 | tesla |" time="0"/>
  <testcase name="| viral1 | prime | abcd | auto | best | 10 | 11 | tesla |" classname="| viral1 | prime | abcd | auto | best | 10 | 11 | tesla |" time="0.05"/>
  <testcase name="When I update a product with product Id and give information ProductId &quot;673890&quot; name &quot;viral&quot;, type &quot;HardGood&quot;, upc &quot;abcd&quot;, description &quot;auto&quot;, model &quot;best&quot;, price  &quot;10&quot;, shipping &quot;11&quot; , manufacturer &quot;tesla&quot;" classname="Scenario: Update an exciting product &amp; verify that product  is updated" time="0"/>
  <testcase name="Then I verify that the product with id productId &quot;673890&quot; is updated" classname="Scenario: Update an exciting product &amp; verify that product  is updated" time="0"/>
  <testcase name="Scenario: Update an exciting product &amp; verify that product  is updated" classname="Scenario: Update an exciting product &amp; verify that product  is updated" time="0.066"/>
  <testcase name="When I delete product with product Id" classname="Scenario: Delete an exciting product &amp; verify that product is deleted" time="0"/>
  <testcase name="Then I verify using  product id  that  data is deleted" classname="Scenario: Delete an exciting product &amp; verify that product is deleted" time="0"/>
  <testcase name="Scenario: Delete an exciting product &amp; verify that product is deleted" classname="Scenario: Delete an exciting product &amp; verify that product is deleted" time="0.057"/>
  <testcase name="Given Check if the BestBuy application can be accessed by users" classname="| Michel1 | Jackson | 0123415 | auto | best | 11 | 10 | tesla |" time="0"/>
  <testcase name="When I create a new product by providing the information name &quot;Michel1&quot;, type &quot;Jackson&quot;, upc &quot;0123415&quot;, description &quot;auto&quot;, model &quot;best&quot;, price  &quot;11&quot;, shipping &quot;10&quot;, manufacturer &quot;tesla&quot;" classname="| Michel1 | Jackson | 0123415 | auto | best | 11 | 10 | tesla |" time="0"/>
  <testcase name="Then I verify that the product  with &quot;11&quot; is created" classname="| Michel1 | Jackson | 0123415 | auto | best | 11 | 10 | tesla |" time="0"/>
  <testcase name="And I update a product with product Id and give information ProductId &quot;673890&quot; name &quot;viral1&quot;, type &quot;HardGood&quot;, upc &quot;abcd&quot;, description &quot;auto&quot;, model &quot;best&quot;, price  &quot;10&quot;, shipping &quot;11&quot; , manufacturer &quot;tesla&quot;" classname="| Michel1 | Jackson | 0123415 | auto | best | 11 | 10 | tesla |" time="0"/>
  <testcase name="Then I verify that the product with id productId &quot;673890&quot; is updated" classname="| Michel1 | Jackson | 0123415 | auto | best | 11 | 10 | tesla |" time="0"/>
  <testcase name="And I delete product with product Id" classname="| Michel1 | Jackson | 0123415 | auto | best | 11 | 10 | tesla |" time="0"/>
  <testcase name="Then I verify using  product id  that  data is deleted" classname="| Michel1 | Jackson | 0123415 | auto | best | 11 | 10 | tesla |" time="0"/>
  <testcase name="| Michel1 | Jackson | 0123415 | auto | best | 11 | 10 | tesla |" classname="| Michel1 | Jackson | 0123415 | auto | best | 11 | 10 | tesla |" time="0.065"/>
  <testcase name="When User sends a GET request to list endpoint for store" classname="Scenario: Check if the BestBuy application can be accessed by users" time="0.003"/>
  <testcase name="Then User must get back a valid status code  for store 200" classname="Scenario: Check if the BestBuy application can be accessed by users" time="0"/>
  <testcase name="When I create a new Store by providing the information name &quot;viral12&quot;, address &quot;prime Testing&quot;, city &quot;abcd&quot;, state &quot;auto&quot;, zip &quot;102df&quot;, type  &quot;best&quot;, address- &quot;avenue&quot;, lat &quot;10&quot;,lng &quot;100&quot;,hours &quot;10:15&quot;,services &quot;tesla&quot;" classname="| viral12 | prime Testing | abcd | auto | 102df | best | avenue | 10 | 100 | 10:15 | tesla |" time="0"/>
  <testcase name="Then I verify that the store  with lat &quot;10&quot; is created" classname="| viral12 | prime Testing | abcd | auto | 102df | best | avenue | 10 | 100 | 10:15 | tesla |" time="0"/>
  <testcase name="| viral12 | prime Testing | abcd | auto | 102df | best | avenue | 10 | 100 | 10:15 | tesla |" classname="| viral12 | prime Testing | abcd | auto | 102df | best | avenue | 10 | 100 | 10:15 | tesla |" time="0.1"/>
  <testcase name="When I update a store with storeId and give information storeId &quot;39&quot; name &quot;viral1&quot;, address &quot;testing&quot;, city &quot;southAmerica&quot;, state &quot;Newyork&quot;, zip &quot;we3wr&quot;, type  &quot;abcd&quot;, address- &quot;highway&quot;, lat &quot;20&quot;,lng &quot;10&quot;,hours &quot;11:11&quot;,services &quot;LMNO&quot;" classname="Scenario: Update an exciting store &amp; verify that store is updated" time="0"/>
  <testcase name="Then I verify that the store with id storeId &quot;39&quot; is updated" classname="Scenario: Update an exciting store &amp; verify that store is updated" time="0"/>
  <testcase name="Scenario: Update an exciting store &amp; verify that store is updated" classname="Scenario: Update an exciting store &amp; verify that store is updated" time="0.189"/>
  <testcase name="When I delete store with store Id" classname="Scenario: Delete an exciting store &amp; verify that store is deleted" time="0"/>
  <testcase name="Then I verify using  store id  that  data is deleted" classname="Scenario: Delete an exciting store &amp; verify that store is deleted" time="0.002"/>
  <testcase name="Scenario: Delete an exciting store &amp; verify that store is deleted" classname="Scenario: Delete an exciting store &amp; verify that store is deleted" time="0.601"/>
  <testcase name="Given Check if the BestBuy application can be accessed by users" classname="| viral121 | prime Testing | abcd | auto | 102df | best | avenue | 10 | 100 | 10:15 | tesla |" time="0"/>
  <testcase name="When I create a new Store by providing the information name &quot;viral121&quot;, address &quot;prime Testing&quot;, city &quot;abcd&quot;, state &quot;auto&quot;, zip &quot;102df&quot;, type  &quot;best&quot;, address- &quot;avenue&quot;, lat &quot;10&quot;,lng &quot;100&quot;,hours &quot;10:15&quot;,services &quot;tesla&quot;" classname="| viral121 | prime Testing | abcd | auto | 102df | best | avenue | 10 | 100 | 10:15 | tesla |" time="0"/>
  <testcase name="Then I verify that the store  with lat &quot;10&quot; is created" classname="| viral121 | prime Testing | abcd | auto | 102df | best | avenue | 10 | 100 | 10:15 | tesla |" time="0"/>
  <testcase name="And I update a store with storeId and give information storeId &quot;39&quot; name &quot;viral1&quot;, address &quot;testing&quot;, city &quot;southAmerica&quot;, state &quot;Newyork&quot;, zip &quot;we3wr&quot;, type  &quot;abcd&quot;, address- &quot;highway&quot;, lat &quot;20&quot;,lng &quot;10&quot;,hours &quot;11:11&quot;,services &quot;LMNO&quot;" classname="| viral121 | prime Testing | abcd | auto | 102df | best | avenue | 10 | 100 | 10:15 | tesla |" time="0"/>
  <testcase name="Then I verify that the store with id storeId &quot;39&quot; is updated" classname="| viral121 | prime Testing | abcd | auto | 102df | best | avenue | 10 | 100 | 10:15 | tesla |" time="0"/>
  <testcase name="And I delete store with store Id" classname="| viral121 | prime Testing | abcd | auto | 102df | best | avenue | 10 | 100 | 10:15 | tesla |" time="0"/>
  <testcase name="Then I verify using  store id  that  data is deleted" classname="| viral121 | prime Testing | abcd | auto | 102df | best | avenue | 10 | 100 | 10:15 | tesla |" time="0"/>
  <testcase name="| viral121 | prime Testing | abcd | auto | 102df | best | avenue | 10 | 100 | 10:15 | tesla |" classname="| viral121 | prime Testing | abcd | auto | 102df | best | avenue | 10 | 100 | 10:15 | tesla |" time="0.142"/>
</testsuite>